<?xml version="1.0" encoding="UTF-8"?>
<testsuite name="ru.sskm.FirstTest" tests="1" skipped="0" failures="0" errors="0" timestamp="2019-03-06T03:40:33" hostname="Deploy" time="5.128">
  <properties/>
  <testcase name="myFirstTest" classname="ru.sskm.FirstTest" time="5.128"/>
  <system-out><![CDATA[]]></system-out>
  <system-err><![CDATA[Starting ChromeDriver 72.0.3626.69 (3c16f8a135abc0d4da2dff33804db79b849a7c38) on port 17793
Only local connections are allowed.
Please protect ports used by ChromeDriver and related test frameworks to prevent access by malicious code.
Mar 06, 2019 6:40:36 AM org.openqa.selenium.remote.ProtocolHandshake createSession
INFO: Detected dialect: OSS
]]></system-err>
</testsuite>
