<?xml version="1.0" encoding="UTF-8"?>
<testsuite name="ru.sskm.TestChrome" tests="1" skipped="0" failures="0" errors="0" timestamp="2019-03-08T21:24:14" hostname="Deploy" time="5.39">
  <properties/>
  <testcase name="myFirstTest" classname="ru.sskm.TestChrome" time="5.39"/>
  <system-out><![CDATA[]]></system-out>
  <system-err><![CDATA[Starting ChromeDriver 72.0.3626.69 (3c16f8a135abc0d4da2dff33804db79b849a7c38) on port 18804
Only local connections are allowed.
Please protect ports used by ChromeDriver and related test frameworks to prevent access by malicious code.
Mar 09, 2019 12:24:18 AM org.openqa.selenium.remote.ProtocolHandshake createSession
INFO: Detected dialect: OSS
]]></system-err>
</testsuite>
